2021-01-31 14:00:42 | INFO | fairseq_cli.generate | Namespace(all_gather_list_size=16384, beam=5, bf16=False, bpe=None, broadcast_buffers=False, bucket_cap_mb=25, checkpoint_suffix='', cpu=False, criterion='cross_entropy', data='../../../data-bin/custom_JRC/short_JRC', data_buffer_size=10, dataset_impl=None, ddp_backend='c10d', decoding_format=None, device_id=0, distributed_backend='nccl', distributed_init_method=None, distributed_no_spawn=False, distributed_port=-1, distributed_rank=0, distributed_world_size=1, distributed_wrapper='DDP', diverse_beam_groups=-1, diverse_beam_strength=0.5, diversity_rate=-1.0, empty_cache_freq=0, eval_bleu=True, eval_bleu_args=None, eval_bleu_detok='space', eval_bleu_detok_args=None, eval_bleu_print_samples=False, eval_bleu_remove_bpe=None, eval_tokenized_bleu=False, fast_stat_sync=False, find_unused_parameters=False, fix_batches_to_gpus=False, force_anneal=None, fp16=True, fp16_init_scale=128, fp16_no_flatten_grads=False, fp16_scale_tolerance=0.0, fp16_scale_window=None, gen_subset='test', iter_decode_eos_penalty=0.0, iter_decode_force_max_iter=False, iter_decode_max_iter=10, iter_decode_with_beam=1, iter_decode_with_external_reranker=False, left_pad_source='True', left_pad_target='False', lenpen=1, load_alignments=False, localsgd_frequency=3, log_format=None, log_interval=100, lr_scheduler='fixed', lr_shrink=0.1, match_source_len=False, max_len_a=0, max_len_b=200, max_sentences=128, max_source_positions=1024, max_target_positions=1024, max_tokens=None, memory_efficient_bf16=False, memory_efficient_fp16=False, min_len=1, min_loss_scale=0.0001, model_overrides='{}', model_parallel_size=1, momentum=0.99, nbest=1, no_beamable_mm=False, no_early_stop=False, no_progress_bar=False, no_repeat_ngram_size=0, no_seed_provided=True, nprocs_per_node=1, num_batch_buckets=0, num_shards=1, num_workers=1, optimizer='nag', path='../../../models/wmt19.de-en.joined-dict.ensemble/model1.pt', prefix_size=0, print_alignment=False, print_step=False, profile=False, quantization_config_path=None, quiet=False, remove_bpe='@@ ', replace_unk=None, required_batch_size_multiple=8, results_path=None, retain_dropout=False, retain_dropout_modules=None, retain_iter_history=False, sacrebleu=False, sampling=False, sampling_topk=-1, sampling_topp=-1.0, score_reference=False, scoring='sacrebleu', seed=1, shard_id=0, skip_invalid_size_inputs_valid_test=False, slowmo_algorithm='LocalSGD', slowmo_momentum=None, source_lang=None, target_lang=None, task='translation', temperature=1.0, tensorboard_logdir='', threshold_loss_scale=None, tokenizer=None, tpu=False, truncate_source=False, unkpen=0, unnormalized=False, upsample_primary=1, user_dir=None, warmup_updates=0, weight_decay=0.0)
2021-01-31 14:00:43 | INFO | fairseq.tasks.translation | [de] dictionary: 42024 types
2021-01-31 14:00:43 | INFO | fairseq.tasks.translation | [en] dictionary: 42024 types
2021-01-31 14:00:43 | INFO | fairseq.data.data_utils | loaded 133 examples from: ../../../data-bin/custom_JRC/short_JRC/test.de-en.de
2021-01-31 14:00:43 | INFO | fairseq.data.data_utils | loaded 133 examples from: ../../../data-bin/custom_JRC/short_JRC/test.de-en.en
2021-01-31 14:00:43 | INFO | fairseq.tasks.translation | ../../../data-bin/custom_JRC/short_JRC test de-en 133 examples
2021-01-31 14:00:43 | INFO | fairseq_cli.generate | loading model(s) from ../../../models/wmt19.de-en.joined-dict.ensemble/model1.pt
S-9	Die Streitparteien unterrichten das Exekutivorgan über ihre Streitigkeit .
T-9	The parties to the dispute shall inform the Executive Body of their dispute .
H-9	-0.3749091923236847	The parties to the dispute shall inform the executive body of their dispute .
D-9	-0.3749091923236847	The parties to the dispute shall inform the executive body of their dispute .
P-9	-0.2969 -0.6650 -0.8066 -0.3731 -0.1472 -0.2153 -0.6259 -0.0826 -0.1763 -0.2859 -0.8314 -0.4093 -0.4597 -0.3128 -0.1624 -0.1483
S-8	Überprüfung durch die Vertragsparteien auf den Tagungen des Exekutivorgans
T-8	Reviews by the Parties at sessions of the Executive Body
H-8	-0.6234248280525208	Review by the Parties at the meetings of the Executive Body
D-8	-0.6234248280525208	Review by the Parties at the meetings of the Executive Body
P-8	-0.5548 -0.1759 -1.0410 -0.7273 -0.1056 -0.4294 -1.3205 -0.5922 -0.1568 -0.1828 -0.8942 -1.7025 -0.2214
S-75	Chemikalien im freiwilligen Verfahren der vorherigen Zustimmung nach Inkenntnissetzung
T-75	Chemicals in the voluntary Prior Informed Consent procedure
H-75	-0.5023094415664673	Chemicals under the voluntary prior informed consent procedure
D-75	-0.5023094415664673	Chemicals under the voluntary prior informed consent procedure
P-75	-0.3099 -0.0616 -2.5004 -0.6048 -0.1961 -0.1120 -0.6662 -0.2753 -0.0424 -0.5578 -0.1989
S-24	c ) den Zeitpunkt des Inkrafttretens dieses Übereinkommens ;
T-24	( c ) the date of entry into force of this Convention ;
H-24	-0.2753927707672119	( c ) the date of entry into force of this Convention ;
D-24	-0.2753927707672119	( c ) the date of entry into force of this Convention ;
P-24	-1.1004 -0.1114 -0.1462 -0.3631 -0.2803 -0.3067 -0.2226 -0.1492 -0.0864 -0.1593 -0.3919 -0.1539 -0.2292 -0.1549
S-99	iii ) nicht mit Bankkonten verbundene finanzielle Transaktionen .
T-99	( iii ) financial transactions unrelated to accounts .
H-99	-0.3952479064464569	( iii ) non @-@ bank financial transactions .
D-99	-0.3952479064464569	( iii ) non @-@ bank financial transactions .
P-99	-0.6815 -0.1228 -0.1339 -0.1479 -0.1467 -1.7021 -0.2521 -0.3328 -0.5779 -0.1895 -0.3038 -0.1519
S-100	Begrenzte Verwendung zum Schutz personenbezogener und sonstiger Daten
T-100	Limitations on use to protect personal and other data
H-100	-0.38938936591148376	Limited use to protect personal and other data
D-100	-0.38938936591148376	Limited use to protect personal and other data
P-100	-0.1601 -0.4931 -1.2968 -0.2440 -0.2569 -0.3113 -0.1841 -0.2825 -0.2757
S-71	a ) verbotene oder strengen Beschränkungen unterliegende Chemikalien und
T-71	( a ) banned or severely restricted chemicals ; and
H-71	-0.5792000889778137	( a ) chemicals that are prohibited or strictly restricted ; and
D-71	-0.5792000889778137	( a ) chemicals that are prohibited or strictly restricted ; and
P-71	-0.7736 -0.1240 -0.1413 -1.2493 -2.1175 -0.1941 -0.5388 -0.0621 -0.1658 -1.5632 -0.0635 -0.4780 -0.7721 -0.2854 -0.1593
S-12	a ) die Angabe des Abgangs- und Bestimmungsorts ;
T-12	( a ) an indication of the places of departure and destination ;
H-12	-0.5374680161476135	a ) the indication of the place of origin and destination ;
D-12	-0.5374680161476135	a ) the indication of the place of origin and destination ;
P-12	-0.5944 -0.1516 -1.5666 -1.1798 -0.1519 -0.4984 -0.9185 -0.1637 -1.3449 -0.1284 -0.1711 -0.2677 -0.2335 -0.1541
S-18	Tod und Körperverletzung von Reisenden - Beschädigung von Reisegepäck
T-18	Death and injury of passengers - damage to baggage
H-18	-0.5386581420898438	Death and bodily injury of passengers - Damage to luggage
D-18	-0.5386581420898438	Death and bodily injury of passengers - Damage to luggage
P-18	-0.5526 -0.2557 -1.2545 -0.0363 -0.1127 -0.6743 -0.7703 -1.0707 -0.2813 -1.2587 -0.1875 -0.3767 -0.9180 -0.1198 -0.2107
S-13	a ) die Angabe des Abgangs- und Bestimmungsorts ;
T-13	( a ) an indication of the places of departure and destination ;
H-13	-0.5374680161476135	a ) the indication of the place of origin and destination ;
D-13	-0.5374680161476135	a ) the indication of the place of origin and destination ;
P-13	-0.5944 -0.1516 -1.5666 -1.1798 -0.1519 -0.4984 -0.9185 -0.1637 -1.3449 -0.1284 -0.1711 -0.2677 -0.2335 -0.1541
S-32	Übereinkommen von 2001 über die Satzung der Internationalen Jute-Studiengruppe
T-32	Agreement establishing the Terms of Reference of the International Jute Study Group , 2001
H-32	-0.2760885953903198	2001 Convention on the Statutes of the International Jute Study Group
D-32	-0.2760885953903198	2001 Convention on the Statutes of the International Jute Study Group
P-32	-1.2767 -0.2246 -0.6285 -0.1776 -0.2623 -0.4093 -0.1722 -0.1578 -0.0805 -0.1193 -0.0967 -0.1632 -0.0822 -0.0939 -0.1966
S-26	Verhältnis zu anderen mit dem Warschauer Abkommen zusammenhängenden Übereinkünften
T-26	Relationship with other Warsaw Convention Instruments
H-26	-0.5573023557662964	Relationship with other agreements related to the Warsaw Convention
D-26	-0.5573023557662964	Relationship with other agreements related to the Warsaw Convention
P-26	-0.2574 -1.2152 -0.1531 -0.5542 -0.1872 -1.5884 -1.4805 -0.1601 -0.1608 -0.1433 -0.0932 -0.9772 -0.2744
S-85	Ecurie-Vereinbarungen und sonstige einschlägige internationale Übereinkommen
T-85	Ecurie arrangements and other international conventions in the same field
H-85	-0.540635347366333	Ecurie- Agreements and other relevant international conventions
D-85	-0.540635347366333	Ecurie- Agreements and other relevant international conventions
P-85	-0.0915 -1.2047 -1.1754 -1.5912 -0.1213 -0.1652 -0.2109 -0.2422 -0.1672 -1.1554 -0.1290 -0.2336
S-90	Übermittlung von Unterlagen im Anschluss an die vorläufige Verhaftung
T-90	Transmission of documents following provisional arrest
H-90	-0.5518563985824585	Transmission of documents following the provisional arrest
D-90	-0.5518563985824585	Transmission of documents following the provisional arrest
P-90	-2.2556 -0.2436 -0.1559 -0.7104 -0.3155 -0.4881 -1.0517 -0.0264 -0.1007 -0.3888 -0.3337
S-41	RUMÄNIEN , nachstehend <unk> Rumänien <unk> genannt ,
T-41	ROMANIA , hereinafter referred to as <<unk>> Romania <<unk>> ,
H-41	-0.8103002309799194	ROMANIA , as <unk> revealed here ,
D-41	-0.8103002309799194	ROMANIA , as <unk> revealed here ,
P-41	-0.1671 -0.1259 -0.0921 -0.1066 -0.2378 -2.9273 -0.8346 -2.4063 -1.3333 -0.3675 -0.3148
S-44	- hinsichtlich Rumäniens das Hoheitsgebiet Rumäniens .
T-44	- means for Romania , the territory of Romania .
H-44	-0.4719952344894409	- concerning Romania , the territory of Romania .
D-44	-0.4719952344894409	- concerning Romania , the territory of Romania .
P-44	-0.4084 -2.3936 -0.1083 -0.5338 -0.3824 -0.2356 -0.1539 -0.1010 -0.2492 -0.1536
S-55	- Bosnien und Herzegowina dieses Angebot angenommen hat ,
T-55	- the acceptance by Bosnia and Herzegovina of that offer ,
H-55	-0.3561498522758484	- Bosnia and Herzegovina accepted this offer ,
D-55	-0.3561498522758484	- Bosnia and Herzegovina accepted this offer ,
P-55	-0.2163 -0.4938 -0.0514 -0.2486 -0.1049 -0.0554 -0.0811 -0.1156 -0.0694 -1.8529 -0.5029 -0.1638 -0.8521 -0.1778
S-31	Genehmigung des Verwaltungshaushalts und Festsetzung der Beiträge
T-31	Determination of the Administrative Budget and assessment of contributions
H-31	-0.4117915630340576	Approval of the administrative budget and fixing of contributions
D-31	-0.4117915630340576	Approval of the administrative budget and fixing of contributions
P-31	-0.1532 -0.1023 -0.0418 -0.1847 -0.4877 -0.4663 -0.1605 -0.1858 -1.4659 -0.0821 -0.9798 -0.8318 -0.2115
S-73	f ) als Lebensmittelzusatzstoffe verwendete Chemikalien ;
T-73	( f ) chemicals used as food additives ;
H-73	-0.24439172446727753	( f ) chemicals used as food additives ;
D-73	-0.24439172446727753	( f ) chemicals used as food additives ;
P-73	-0.6467 -0.1204 -0.1447 -0.8221 -0.1454 -0.1915 -0.0733 -0.0650 -0.0885 -0.2379 -0.1526
S-59	Ferner sind folgende Fahrten von der Genehmigungspflicht befreit :
T-59	The following shall also be exempted from authorisation :
H-59	-0.656893253326416	Furthermore , the following journeys are exempt from the authorisation requirement :
D-59	-0.656893253326416	Furthermore , the following journeys are exempt from the authorisation requirement :
P-59	-2.3977 -0.1026 -0.1212 -0.5857 -0.3862 -0.1287 -1.0098 -0.0579 -0.3979 -0.3390 -0.4147 -0.2948 -0.9122 -3.7140 -0.1037 -0.5373 -0.1707 -0.1500
S-11	Staatlich ausgeführte Beförderung und Beförderung von Postsendungen
T-11	Carriage performed by State and carriage of postal items
H-11	-0.9299608469009399	State @-@ carried transport and transport of mail
D-11	-0.9299608469009399	State @-@ carried transport and transport of mail
P-11	-0.4284 -0.6691 -2.3004 -1.2055 -0.2845 -1.8727 -0.1602 -0.9113 -0.5376
S-42	Im Sinne dieses Abkommens gelten folgende Begriffsbestimmungen :
T-42	For the purpose of this Agreement , the following definitions shall apply :
H-42	-0.6171966791152954	For the purposes of this Agreement , the following definitions apply :
D-42	-0.6171966791152954	For the purposes of this Agreement , the following definitions apply :
P-42	-2.2210 -0.1806 -0.6412 -0.1503 -0.6142 -0.5806 -0.0992 -0.8439 -0.2412 -1.8755 -0.0430 -0.1282 -1.3517 -0.1400 -0.1474
S-6	d ) den Einsatz weniger umweltbelastender Energiequellen fördern ;
T-6	( d ) encourage the use of less polluting energy sources
H-6	-0.2862691283226013	( d ) Promote the use of less polluting energy sources ;
D-6	-0.2862691283226013	( d ) Promote the use of less polluting energy sources ;
P-6	-0.3410 -0.1573 -0.1441 -0.8595 -0.2045 -0.3128 -0.1997 -0.1474 -0.5102 -0.0754 -0.0621 -0.6601 -0.2201 -0.2508 -0.1491
S-72	a ) Suchtstoffe und psychotrope Substanzen ;
T-72	( a ) narcotic drugs and psychotropic substances ;
H-72	-0.30741244554519653	a ) Narcotic drugs and psychotropic substances ;
D-72	-0.30741244554519653	a ) Narcotic drugs and psychotropic substances ;
P-72	-0.8727 -0.1582 -0.9419 -0.1049 -0.3758 -0.9822 -0.1730 -0.0796 -0.0816 -0.0459 -0.1001 -0.2038 -0.0764 -0.2630 -0.1522
S-49	- gewährleistet eine reibungslose Durchführung dieses Abkommens ; insbesondere
T-49	- ensure the proper implementation of this Agreement and , in particular , shall :
H-49	-0.6557331085205078	- ensure the smooth implementation of this Agreement ; in particular :
D-49	-0.6557331085205078	- ensure the smooth implementation of this Agreement ; in particular :
P-49	-0.5222 -1.7353 -1.3641 -0.6446 -0.3866 -0.1574 -0.8962 -0.5043 -0.0980 -1.0475 -0.5397 -0.1093 -1.0263 -0.1487
S-47	Bei Fahrzeugkombinationen ist sie im Kraftfahrzeug mitzuführen .
T-47	In the case of a coupled combination of vehicles it must accompany the motor vehicle .
H-47	-0.6410364508628845	For vehicle combinations , it must be carried in the vehicle .
D-47	-0.6410364508628845	For vehicle combinations , it must be carried in the vehicle .
P-47	-2.5244 -0.8905 -0.2489 -0.0643 -0.1326 -0.8208 -1.0914 -1.0467 -0.2091 -0.6255 -0.4498 -0.3843 -0.8082 -0.1694 -0.1496
S-79	( 1 ) Hiermit wird ein Sekretariat eingerichtet .
T-79	( 1 ) Hiermit wird ein Sekretariat eingerichtet . A Secretariat is hereby established .
H-79	-0.5953847169876099	( 1 ) Hereby a secretariat shall be established .
D-79	-0.5953847169876099	( 1 ) Hereby a secretariat shall be established .
P-79	-0.9733 -0.1450 -0.1440 -2.9152 -0.3689 -0.6711 -0.7978 -0.0418 -0.1399 -0.6840 -0.1458 -0.9837 -0.1752 -0.1496
S-94	c ) jeweiliges Interesse der ersuchenden Staaten ;
T-94	( c ) the respective interests of the requesting States ;
H-94	-0.5207811594009399	( c ) the respective interests of the requesting States ;
D-94	-0.5207811594009399	( c ) the respective interests of the requesting States ;
P-94	-0.8654 -0.1097 -0.1480 -0.9244 -2.4972 -0.8752 -0.1527 -0.3864 -0.1229 -0.1264 -0.1909 -0.2194 -0.1514
S-19	c ) eine Kriegshandlung oder ein bewaffneter Konflikt ;
T-19	( c ) an act of war or an armed conflict ;
H-19	-0.27096450328826904	c ) an act of war or armed conflict ;
D-19	-0.27096450328826904	c ) an act of war or armed conflict ;
P-19	-0.7200 -0.1624 -0.3888 -0.1357 -0.1489 -0.1907 -0.1880 -0.5499 -0.1106 -0.2343 -0.1513
S-91	Auslieferungs- und Überstellungsersuchen von Seiten mehrerer Staaten
T-91	Requests for extradition or surrender made by several States
H-91	-0.5143812894821167	Extradition and transfer requests from several States
D-91	-0.5143812894821167	Extradition and transfer requests from several States
P-91	-0.5055 -0.2592 -0.1821 -1.0414 -0.1313 -1.0191 -0.5048 -0.7437 -0.2422
S-78	c ) das Verfallsdatum der Chemikalie ;
T-78	( c ) the expiry date of the chemical ;
H-78	-0.40017473697662354	c ) the expiry date of the chemical ;
D-78	-0.40017473697662354	c ) the expiry date of the chemical ;
P-78	-0.9430 -0.1521 -0.4786 -1.0225 -0.6466 -0.0953 -0.3354 -0.1968 -0.1613 -0.2173 -0.1529
S-66	a ) Folgender Gedankenstrich wird angefügt :
T-66	( a ) the following indent shall be added :
H-66	-0.37914618849754333	a ) The following indent is added :
D-66	-0.37914618849754333	a ) The following indent is added :
P-66	-1.0114 -0.1476 -0.9366 -0.2106 -0.2566 -0.0448 -0.4607 -0.3863 -0.1876 -0.1493
S-64	a ) Folgender Gedankenstrich wird angefügt :
T-64	( a ) the following indent shall be added :
H-64	-0.37914618849754333	a ) The following indent is added :
D-64	-0.37914618849754333	a ) The following indent is added :
P-64	-1.0114 -0.1476 -0.9366 -0.2106 -0.2566 -0.0448 -0.4607 -0.3863 -0.1876 -0.1493
S-39	16. a ) Die Gruppe besitzt internationale Rechtspersönlichkeit .
T-39	16 . ( a ) The Group shall have international legal personality .
H-39	-0.2950563132762909	16. a ) The Group shall have international legal personality .
D-39	-0.2950563132762909	16. a ) The Group shall have international legal personality .
P-39	-0.1705 -0.1435 -0.1745 -0.2706 -0.4262 -0.8056 -0.5808 -0.4083 -0.1187 -0.1154 -0.1786 -0.1480
S-2	a ) den kommerziellen Austausch verfügbarer Technologien ;
T-2	( a ) the commercial exchange of available technology
H-2	-0.4154283404350281	a ) the commercial exchange of available technologies ;
D-2	-0.4154283404350281	a ) the commercial exchange of available technologies ;
P-2	-1.2052 -0.1464 -1.0706 -0.1593 -0.2633 -0.1605 -0.2809 -0.4540 -0.2581 -0.1559
S-104	( nachstehend <unk> die Vertragsparteien <unk> genannt ) -
T-104	( hereinafter referred to as <<unk>> the Parties <<unk>> )
H-104	-1.0505857467651367	( Here <unk> names the contracting parties ) -
D-104	-1.0505857467651367	( Here <unk> names the contracting parties ) -
P-104	-1.2712 -2.1284 -0.4638 -3.0034 -0.3387 -1.6288 -1.4722 -0.2986 -0.3142 -0.4860 -0.1511
S-14	c ) die Angabe des Gewichts der Sendung .
T-14	( c ) an indication of the weight of the consignment .
H-14	-0.49548718333244324	c ) indication of the weight of the shipment .
D-14	-0.49548718333244324	c ) indication of the weight of the shipment .
P-14	-0.1541 -0.1558 -3.1594 -0.1560 -0.3845 -0.1956 -0.1735 -0.2528 -0.8119 -0.0539 -0.2961 -0.1523
S-109	ii ) mit der Mitteilung der Beschwerdepunkte ;
T-109	( ii ) the issuance of a Statement of Objections ;
H-109	-0.4775789678096771	( ii ) sending a statement of objections ;
D-109	-0.4775789678096771	( ii ) sending a statement of objections ;
P-109	-0.4649 -0.1371 -0.1244 -0.1460 -2.8647 -0.3201 -0.9673 -0.1544 -0.0271 -0.1261 -0.2467 -0.1523
S-37	b ) Der Beirat besteht aus assoziierten Mitgliedern .
T-37	( b ) The Consultative Board shall consist of associate members .
H-37	-0.3924524486064911	b ) The Advisory Board consists of associated members .
D-37	-0.3924524486064911	b ) The Advisory Board consists of associated members .
P-37	-0.1814 -0.1644 -0.2335 -1.0022 -0.0421 -0.0970 -0.5640 -1.3849 -0.1181 -0.1556 -1.0025 -0.2155 -0.1842 -0.1491
S-105	c ) <unk> zuständige Wettbewerbsbehörde<unk> n ) <unk> :
T-105	( c ) the terms <<unk>> competition authority <<unk>> and <<unk>> competition authorities <<unk>> mean :
H-105	-0.6076130867004395	c ) <unk> :
D-105	-0.6076130867004395	c ) <unk> :
P-105	-0.2908 -0.1400 -0.4450 -1.9270 -0.2353
S-80	( 2 ) Das Sekretariat hat folgende Aufgaben :
T-80	( 2 ) Das Sekretariat hat folgende Aufgaben : The functions of the Secretariat shall be :
H-80	-0.4024963676929474	2 . The Secretariat shall have the following tasks :
D-80	-0.4024963676929474	2 . The Secretariat shall have the following tasks :
P-80	-0.8140 -0.1612 -0.1659 -0.7564 -0.0524 -0.1267 -0.1953 -1.4782 -0.1429 -0.1288 -0.9003 -0.1639 -0.1466
S-68	Anhang XX des Abkommens wird wie folgt geändert :
T-68	Annex XX to the Agreement shall be amended as follows .
H-68	-0.3193618953227997	Annex XX to the Agreement is amended as follows :
D-68	-0.3193618953227997	Annex XX to the Agreement is amended as follows :
P-68	-0.0899 -0.1147 -0.1448 -0.1079 -0.7801 -0.1891 -0.5152 -0.0949 -1.3157 -0.5863 -0.1013 -0.3409 -0.0792 -0.1822 -0.1484
S-20	Schadenersatz<unk> 8 ) bei Tod oder Körperverletzung von Reisenden
T-20	Compensation in case of death or injury of passengers
H-20	-0.8836983442306519	8 ) compensation for passenger death or bodily injury
D-20	-0.8836983442306519	8 ) compensation for passenger death or bodily injury
P-20	-0.6827 -0.1760 -2.7651 -0.8356 -1.8442 -0.7447 -0.3167 -1.7452 -0.0250 -0.1216 -1.0645 -0.2832
S-28	gemeinsam nachstehend <unk> teilnehmende Parteien <unk> genannt -
T-28	Together hereinafter called the <<unk>> Participating Parties <<unk>> ,
H-28	-0.7676185965538025	<unk> &apos;s DAVID LLOYD reflects on the day &apos;s action
D-28	-0.7676185965538025	<unk> &apos;s DAVID LLOYD reflects on the day &apos;s action
P-28	-1.6033 -1.1000 -2.5454 -0.0293 -0.0021 -0.0808 -0.0075 -0.0187 -0.0025 -0.0618 -0.1616 -1.4464 -3.0843 -0.4031 -0.4132 -1.3219
S-86	Die Ökokarte wird wie folgt entwertet :
T-86	The ecocard shall be cancelled by any one of the following methods :
H-86	-0.6427847146987915	The eco @-@ map will be cancelled as follows :
D-86	-0.6427847146987915	The eco @-@ map will be cancelled as follows :
P-86	-0.3986 -0.4399 -0.5878 -1.3411 -0.6764 -1.4660 -0.1880 -1.8259 -0.3295 -0.1498 -0.1591 -0.1514
S-116	gemeinsam nachstehend <unk> teilnehmende Parteien <unk> genannt -
T-116	Together hereinafter referred to as the Participating Parties ,
H-116	-0.7676185965538025	<unk> &apos;s DAVID LLOYD reflects on the day &apos;s action
D-116	-0.7676185965538025	<unk> &apos;s DAVID LLOYD reflects on the day &apos;s action
P-116	-1.6033 -1.1000 -2.5454 -0.0293 -0.0021 -0.0808 -0.0075 -0.0187 -0.0025 -0.0618 -0.1616 -1.4464 -3.0843 -0.4031 -0.4132 -1.3219
S-120	gemeinsam nachstehend <unk> teilnehmende Parteien <unk> genannt -
T-120	together hereinafter referred to as the <<unk>> Participating Parties <<unk>> ,
H-120	-0.7676185965538025	<unk> &apos;s DAVID LLOYD reflects on the day &apos;s action
D-120	-0.7676185965538025	<unk> &apos;s DAVID LLOYD reflects on the day &apos;s action
P-120	-1.6033 -1.1000 -2.5454 -0.0293 -0.0021 -0.0808 -0.0075 -0.0187 -0.0025 -0.0618 -0.1616 -1.4464 -3.0843 -0.4031 -0.4132 -1.3219
S-82	Die Vergleichskommission erstellt einen Bericht mit Empfehlungen .
T-82	The conciliation commission shall render a report with recommendations .
H-82	-0.6688281893730164	The Comparison Commission prepares a report with recommendations .
D-82	-0.6688281893730164	The Comparison Commission prepares a report with recommendations .
P-82	-0.3263 -1.6566 -0.8486 -1.0975 -0.4456 -2.5644 -0.1352 -0.1778 -0.2036 -0.7678 -0.1380 -0.1838 -0.1496
S-101	Künftige bilaterale Verträge mit Mitgliedstaaten über Rechtshilfe
T-101	Future bilateral mutual legal assistance treaties with Member States
H-101	-0.3356858491897583	Future bilateral agreements with Member States on mutual legal assistance
D-101	-0.3356858491897583	Future bilateral agreements with Member States on mutual legal assistance
P-101	-0.3748 -0.1384 -0.0573 -1.1066 -0.4589 -0.2220 -0.1253 -0.2855 -0.1856 -0.6697 -0.1066 -0.2976
S-74	i ) zu Forschungs- oder Analysezwecken oder
T-74	( i ) for the purpose of research or analysis ; or
H-74	-0.3982774317264557	( i ) for research or analysis purposes , or
D-74	-0.3982774317264557	( i ) for research or analysis purposes , or
P-74	-0.5471 -0.1467 -0.1444 -0.3910 -0.2912 -0.2212 -0.3777 -0.7155 -1.1941 -0.1824 -0.1699
S-54	gemeinsam nachstehend <unk> teilnehmende Parteien <unk> genannt -
T-54	Together hereinafter referred to as the <<unk>> Participating Parties <<unk>> ,
H-54	-0.7676185965538025	<unk> &apos;s DAVID LLOYD reflects on the day &apos;s action
D-54	-0.7676185965538025	<unk> &apos;s DAVID LLOYD reflects on the day &apos;s action
P-54	-1.6033 -1.1000 -2.5454 -0.0293 -0.0021 -0.0808 -0.0075 -0.0187 -0.0025 -0.0618 -0.1616 -1.4464 -3.0843 -0.4031 -0.4132 -1.3219
S-16	Vorschriften der Zoll- , der Polizei- und anderer Behörden
T-16	Formalities of customs , police or other public authorities
H-16	-0.5805898904800415	Provisions of customs , police and other authorities
D-16	-0.5805898904800415	Provisions of customs , police and other authorities
P-16	-1.5038 -0.2923 -1.5064 -0.6480 -0.4099 -0.2181 -0.3124 -0.1411 -0.5235 -0.2506
S-123	gemeinsam nachstehend <unk> teilnehmende Parteien <unk> genannt -
T-123	together hereinafter referred to as the <<unk>> Participating Parties <<unk>> ,
H-123	-0.7676185965538025	<unk> &apos;s DAVID LLOYD reflects on the day &apos;s action
D-123	-0.7676185965538025	<unk> &apos;s DAVID LLOYD reflects on the day &apos;s action
P-123	-1.6033 -1.1000 -2.5454 -0.0293 -0.0021 -0.0808 -0.0075 -0.0187 -0.0025 -0.0618 -0.1616 -1.4464 -3.0843 -0.4031 -0.4132 -1.3219
S-126	gemeinsam nachstehend <unk> teilnehmende Parteien <unk> genannt -
T-126	together hereinafter referred to as the <<unk>> Participating Parties <<unk>> ,
H-126	-0.7676185965538025	<unk> &apos;s DAVID LLOYD reflects on the day &apos;s action
D-126	-0.7676185965538025	<unk> &apos;s DAVID LLOYD reflects on the day &apos;s action
P-126	-1.6033 -1.1000 -2.5454 -0.0293 -0.0021 -0.0808 -0.0075 -0.0187 -0.0025 -0.0618 -0.1616 -1.4464 -3.0843 -0.4031 -0.4132 -1.3219
S-129	gemeinsam nachstehend <unk> teilnehmende Parteien <unk> genannt -
T-129	together hereinafter referred to as the <<unk>> Participating Parties <<unk>> ,
H-129	-0.7676185965538025	<unk> &apos;s DAVID LLOYD reflects on the day &apos;s action
D-129	-0.7676185965538025	<unk> &apos;s DAVID LLOYD reflects on the day &apos;s action
P-129	-1.6033 -1.1000 -2.5454 -0.0293 -0.0021 -0.0808 -0.0075 -0.0187 -0.0025 -0.0618 -0.1616 -1.4464 -3.0843 -0.4031 -0.4132 -1.3219
S-132	gemeinsam nachstehend <unk> teilnehmende Parteien <unk> genannt -
T-132	together hereinafter referred to as the <<unk>> Participating Parties <<unk>> ,
H-132	-0.7676185965538025	<unk> &apos;s DAVID LLOYD reflects on the day &apos;s action
D-132	-0.7676185965538025	<unk> &apos;s DAVID LLOYD reflects on the day &apos;s action
P-132	-1.6033 -1.1000 -2.5454 -0.0293 -0.0021 -0.0808 -0.0075 -0.0187 -0.0025 -0.0618 -0.1616 -1.4464 -3.0843 -0.4031 -0.4132 -1.3219
S-63	Laufzeit des Übereinkommens - Bewertung seiner Wirksamkeit
T-63	Duration of the Agreement - Evaluation of the functioning of the Agreement
H-63	-0.27203941345214844	Duration of the Convention - Assessment of its effectiveness
D-63	-0.27203941345214844	Duration of the Convention - Assessment of its effectiveness
P-63	-0.0718 -0.1271 -0.1755 -0.1906 -0.5625 -0.3014 -0.9071 -0.0351 -0.4811 -0.1587 -0.2702 -0.2930 -0.0758 -0.1586
S-65	b ) Anpassung e ) erhält folgende Fassung :
T-65	( b ) the text of adaptation ( e ) shall be replaced by the following :
H-65	-0.6904146075248718	( b ) Adaptation ( e ) shall be as follows :
D-65	-0.6904146075248718	( b ) Adaptation ( e ) shall be as follows :
P-65	-1.3721 -0.1648 -0.1395 -1.2546 -0.3745 -0.2972 -1.5474 -0.1939 -0.1436 -1.5429 -1.4897 -1.3893 -0.1212 -0.1759 -0.1495
S-22	( 3 ) Im Sinne des Absatzes 2 bedeutet
T-22	( 3 ) Im Sinne des Absatzes 2 bedeutet For the purposes of paragraph 2 ,
H-22	-0.4468924105167389	( 3 ) For the purposes of paragraph 2 :
D-22	-0.4468924105167389	( 3 ) For the purposes of paragraph 2 :
P-22	-0.4148 -0.1549 -0.1417 -1.3239 -0.1442 -0.7072 -0.1477 -0.3688 -0.0650 -0.0720 -0.1138 -0.2104 -2.2363 -0.1557
S-40	22. Vorbehalte zu dieser Satzung sind nicht zulässig .
T-40	22. Vorbehalte zu dieser Satzung sind nicht zulässig . No reservations may be made to any of the provisions of these Terms of Reference .
H-40	-0.5053663849830627	22 . Reservations regarding these statutes are not permitted .
D-40	-0.5053663849830627	22 . Reservations regarding these statutes are not permitted .
P-40	-0.1488 -0.1456 -0.1845 -0.1436 -0.1266 -2.2076 -0.6888 -1.4715 -0.0655 -0.3707 -0.2171 -1.0882 -0.4158 -0.1570 -0.1491
S-29	Die künftigen Missionsleiter werden ebenfalls so ernannt .
T-29	Any future Head of Mission shall also be so appointed .
H-29	-0.5609930157661438	The future Heads of Mission will also be appointed in this way .
D-29	-0.5609930157661438	The future Heads of Mission will also be appointed in this way .
P-29	-0.8744 -0.4997 -0.3832 -0.0725 -0.1536 -0.1313 -0.9663 -0.5291 -0.2073 -0.7338 -2.0094 -1.0139 -0.5417 -0.1510 -0.1478
S-69	1. Nummer 2en wird zu Nummer 2ena .
T-69	1. Nummer 2en wird zu Nummer 2ena . The present point 2en shall become point 2ena .
H-69	-0.3046046495437622	1 . Number 2en becomes number 2ena .
D-69	-0.3046046495437622	1 . Number 2en becomes number 2ena .
P-69	-0.3348 -0.1772 -0.1567 -0.3346 -0.2534 -1.1053 -0.4428 -0.1171 -0.0810 -0.1949 -0.1530
S-51	( 3 ) Verfahrenssprache ist Englisch .
T-51	( 3 ) Verfahrenssprache ist Englisch . The language to be employed during arbitration shall be English .
H-51	-0.20398329198360443	( 3 ) The language of the proceedings shall be English .
D-51	-0.20398329198360443	( 3 ) The language of the proceedings shall be English .
P-51	-0.1838 -0.1393 -0.1413 -0.4627 -0.0527 -0.1673 -0.3831 -0.1267 -0.4481 -0.1421 -0.0937 -0.1618 -0.1494
S-1	Das Abkommen ersetzt die Vereinbarung vom 13. Juli 1991.
T-1	This Agreement shall replace the Memorandum of Understanding of 13 July 1991 .
H-1	-0.41669297218322754	The agreement replaces the agreement of 13 July 1991 .
D-1	-0.41669297218322754	The agreement replaces the agreement of 13 July 1991 .
P-1	-0.4878 -1.1400 -0.4244 -0.0368 -0.2682 -0.9570 -0.4267 -0.2451 -0.1176 -0.5507 -0.1957 -0.1503
S-50	( 2 ) Es wird ein Schiedsrichter ernannt .
T-50	( 2 ) Es wird ein Schiedsrichter ernannt . There shall be one arbitrator .
H-50	-0.20264005661010742	( 2 ) An arbitrator shall be appointed .
D-50	-0.20264005661010742	( 2 ) An arbitrator shall be appointed .
P-50	-0.3156 -0.1394 -0.1433 -0.5485 -0.1907 -0.0469 -0.1021 -0.3081 -0.1420 -0.1598 -0.1848 -0.1505
S-83	Vorbehalte zu diesem Übereinkommen sind nicht zulässig .
T-83	No reservations may be made to this Convention .
H-83	-0.4800935983657837	Reservations to this Convention are not permitted .
D-83	-0.4800935983657837	Reservations to this Convention are not permitted .
P-83	-0.4147 -0.1389 -0.1275 -1.3693 -0.4896 -0.2941 -0.5420 -0.2530 -1.4607 -0.3655 -0.1563 -0.1496
S-114	i ) der Einleitung eines Strafverfahrens ,
T-114	( i ) the filing of a criminal accusation ;
H-114	-0.5458632707595825	( i ) initiation of criminal proceedings ;
D-114	-0.5458632707595825	( i ) initiation of criminal proceedings ;
P-114	-0.8589 -0.1341 -0.1421 -2.1477 -0.6947 -0.1544 -0.2094 -0.0949 -0.8498 -0.1727
S-56	Dieses Abkommen tritt mit seiner Unterzeichnung in Kraft .
T-56	This Agreement shall enter into force upon signature .
H-56	-0.4790741801261902	This Agreement shall enter into force upon its signature .
D-56	-0.4790741801261902	This Agreement shall enter into force upon its signature .
P-56	-1.0242 -0.5716 -0.0906 -0.9594 -0.1969 -0.1210 -0.1192 -1.1973 -0.9244 -0.2386 -0.1576 -0.1479
S-4	d ) die Gewährung technischer Hilfe .
T-4	( d ) the provision of technical assistance .
H-4	-0.414877325296402	( d ) the provision of technical assistance .
D-4	-0.414877325296402	( d ) the provision of technical assistance .
P-4	-0.6319 -0.1517 -0.1439 -2.0627 -0.3049 -0.1489 -0.1617 -0.1138 -0.2780 -0.1513
S-122	Dieses Abkommen tritt mit seiner Unterzeichnung in Kraft .
T-122	This Agreement shall enter into force upon signature .
H-122	-0.4790741801261902	This Agreement shall enter into force upon its signature .
D-122	-0.4790741801261902	This Agreement shall enter into force upon its signature .
P-122	-1.0242 -0.5716 -0.0906 -0.9594 -0.1969 -0.1210 -0.1192 -1.1973 -0.9244 -0.2386 -0.1576 -0.1479
S-125	Dieses Abkommen tritt mit seiner Unterzeichnung in Kraft .
T-125	This Agreement shall enter into force upon signature .
H-125	-0.4790741801261902	This Agreement shall enter into force upon its signature .
D-125	-0.4790741801261902	This Agreement shall enter into force upon its signature .
P-125	-1.0242 -0.5716 -0.0906 -0.9594 -0.1969 -0.1210 -0.1192 -1.1973 -0.9244 -0.2386 -0.1576 -0.1479
S-128	Dieses Abkommen tritt mit seiner Unterzeichnung in Kraft .
T-128	This Agreement shall enter into force upon signature .
H-128	-0.4790741801261902	This Agreement shall enter into force upon its signature .
D-128	-0.4790741801261902	This Agreement shall enter into force upon its signature .
P-128	-1.0242 -0.5716 -0.0906 -0.9594 -0.1969 -0.1210 -0.1192 -1.1973 -0.9244 -0.2386 -0.1576 -0.1479
S-131	Dieses Abkommen tritt mit seiner Unterzeichnung in Kraft .
T-131	This Agreement shall enter into force upon signature .
H-131	-0.4790741801261902	This Agreement shall enter into force upon its signature .
D-131	-0.4790741801261902	This Agreement shall enter into force upon its signature .
P-131	-1.0242 -0.5716 -0.0906 -0.9594 -0.1969 -0.1210 -0.1192 -1.1973 -0.9244 -0.2386 -0.1576 -0.1479
S-119	Dieses Abkommen tritt mit seiner Unterzeichnung in Kraft .
T-119	This Agreement shall enter into force upon signature .
H-119	-0.4790741801261902	This Agreement shall enter into force upon its signature .
D-119	-0.4790741801261902	This Agreement shall enter into force upon its signature .
P-119	-1.0242 -0.5716 -0.0906 -0.9594 -0.1969 -0.1210 -0.1192 -1.1973 -0.9244 -0.2386 -0.1576 -0.1479
S-5	( 2 ) Eine Vertragspartei kann außerdem :
T-5	( 2 ) Eine Vertragspartei kann außerdem : A Party may , in addition :
H-5	-0.3187203109264374	( 2 ) A Contracting Party may also :
D-5	-0.3187203109264374	( 2 ) A Contracting Party may also :
P-5	-0.4799 -0.1370 -0.1477 -0.6422 -1.0796 -0.0381 -0.1100 -0.0729 -0.2175 -0.6392 -0.1112 -0.1494
S-67	b ) Folgende Anpassung wird angefügt :
T-67	( b ) the following adaptation shall be added :
H-67	-0.5393280982971191	b ) The following adjustment is added :
D-67	-0.5393280982971191	b ) The following adjustment is added :
P-67	-0.4837 -0.1521 -0.8166 -0.1620 -1.4879 -0.0768 -0.3198 -0.9588 -1.1174 -0.2070 -0.1505
S-76	ii ) der Einfuhr nicht zuzustimmen oder
T-76	( ii ) not to consent to import ; or
H-76	-0.5555928349494934	( ii ) not to consent to the import , or
D-76	-0.5555928349494934	( ii ) not to consent to the import , or
P-76	-0.3197 -0.1326 -0.1325 -0.1470 -0.9673 -0.5709 -1.5958 -0.2050 -1.1998 -0.4906 -0.1543 -1.4706 -0.2215 -0.1708
S-93	b ) Orte der Begehung der Straftaten ;
T-93	( b ) the places where each of the offences was committed ;
H-93	-0.8054323196411133	b ) places where the offences are committed ;
D-93	-0.8054323196411133	b ) places where the offences are committed ;
P-93	-0.4182 -0.1579 -1.9510 -1.5376 -1.5540 -0.9724 -0.9215 -0.1691 -0.2210 -0.1516
S-10	a ) Vorlage der Streitigkeit beim Internationalen Gerichtshof ;
T-10	( a ) submission of the dispute to the International Court of Justice
H-10	-0.3205849528312683	a ) submission of the dispute to the International Court of Justice ;
D-10	-0.3205849528312683	a ) submission of the dispute to the International Court of Justice ;
P-10	-0.6411 -0.1540 -0.9247 -0.7782 -0.2220 -0.3432 -0.2151 -0.2146 -0.1550 -0.2880 -0.1187 -0.2713 -0.0460 -0.2872 -0.1496
S-112	i ) der Mitteilung der Beschwerdepunkte oder
T-112	( i ) the issuance of a Statement of Objections ; and
H-112	-0.5195635557174683	( i ) a statement of objections , or
D-112	-0.5195635557174683	( i ) a statement of objections , or
P-112	-1.0228 -0.1312 -0.1434 -1.7002 -0.6174 -0.1572 -0.0340 -0.1246 -1.4343 -0.1844 -0.1656
S-70	( 1 ) Dieses Übereinkommen findet Anwendung auf :
T-70	( 1 ) Dieses Übereinkommen findet Anwendung auf : This Convention applies to :
H-70	-0.21843022108078003	( 1 ) This Convention shall apply to :
D-70	-0.21843022108078003	( 1 ) This Convention shall apply to :
P-70	-0.3567 -0.1421 -0.1460 -0.5005 -0.0723 -0.2725 -0.1047 -0.1948 -0.2438 -0.1508
S-81	b ) Vorlage der Streitigkeit beim Internationalen Gerichtshof .
T-81	( b ) submission of the dispute to the International Court of Justice .
H-81	-0.31894463300704956	b ) submission of the dispute to the International Court of Justice .
D-81	-0.31894463300704956	b ) submission of the dispute to the International Court of Justice .
P-81	-0.5116 -0.1604 -1.2490 -0.4978 -0.1990 -0.4257 -0.2209 -0.2312 -0.1590 -0.2685 -0.1231 -0.2464 -0.0466 -0.2953 -0.1495
S-60	Dieser Ausschuss besteht aus Vertretern der Vertragsparteien .
T-60	This Committee shall be made up of representatives of the Contracting Parties .
H-60	-0.4966506361961365	This Committee is composed of representatives of the Contracting Parties .
D-60	-0.4966506361961365	This Committee is composed of representatives of the Contracting Parties .
P-60	-0.7548 -1.0159 -1.7356 -1.0442 -0.0793 -0.1843 -0.1347 -0.2654 -0.1949 -1.9253 -0.0520 -0.0855 -0.0874 -0.0767 -0.1622 -0.1481
S-43	f ) <unk> Gebiet der Vertragspartei <unk>
T-43	( f ) territory of the Contracting Party :
H-43	-0.8432741165161133	f ) The Contracting Party
D-43	-0.8432741165161133	f ) The Contracting Party
P-43	-0.1404 -0.1492 -2.4195 -2.8949 -0.0246 -0.2814 -0.1493 -0.6868
S-36	c ) Alle Mitglieder haben insgesamt 2000 Stimmen .
T-36	( c ) All members shall together hold 2000 votes .
H-36	-0.43498367071151733	c ) All members have a total of 2000 votes .
D-36	-0.43498367071151733	c ) All members have a total of 2000 votes .
P-36	-0.3080 -0.1625 -0.6051 -0.5341 -0.3893 -1.7156 -0.2484 -0.2623 -0.5225 -0.0844 -0.2381 -0.1495
S-118	nachstehend <unk> Vertragsparteien <unk> genannt -
T-118	Hereinafter referred to as the <<unk>> Parties <<unk>> ,
H-118	-0.874605655670166	<unk> &apos;s DAVID LLOYD reflects on the action ...
D-118	-0.874605655670166	<unk> &apos;s DAVID LLOYD reflects on the action ...
P-118	-1.3073 -1.6235 -2.9700 -0.0349 -0.0019 -0.0891 -0.0084 -0.0179 -0.0031 -0.1060 -0.1752 -1.6131 -3.2891 -1.7267 -0.1530
S-30	Dieses Abkommen tritt mit Unterzeichnung in Kraft .
T-30	This Agreement shall enter into force upon signature .
H-30	-0.32567623257637024	This Agreement shall enter into force upon signature .
D-30	-0.32567623257637024	This Agreement shall enter into force upon signature .
P-30	-0.7543 -0.5386 -0.0867 -0.6689 -0.1464 -0.1213 -0.1019 -0.6976 -0.1254 -0.1939 -0.1475
S-3	c ) den Austausch von Informationen und Erfahrungen und
T-3	( c ) the exchange of information and experience and
H-3	-0.4858170449733734	( c ) the exchange of information and experience ; and
D-3	-0.4858170449733734	( c ) the exchange of information and experience ; and
P-3	-1.2626 -0.1125 -0.1453 -1.4026 -0.1650 -0.1515 -0.1309 -0.1636 -0.4513 -1.3010 -0.3833 -0.1601
S-46	Die Lizenz ist im Fahrzeug mitzuführen .
T-46	The authorisation must be kept in the vehicle .
H-46	-0.48871663212776184	The license must be carried in the vehicle .
D-46	-0.48871663212776184	The license must be carried in the vehicle .
P-46	-0.5732 -0.7934 -1.1072 -0.2476 -0.7304 -0.4393 -0.2962 -0.3413 -0.2057 -0.1530
S-84	e ) die Ergebnisse der Umweltüberwachung ;
T-84	( e ) the results of environmental monitoring ;
H-84	-0.3594079613685608	( e ) the results of environmental monitoring ;
D-84	-0.3594079613685608	( e ) the results of environmental monitoring ;
P-84	-0.7157 -0.1294 -0.1443 -0.9306 -0.4674 -0.1890 -0.3546 -0.2513 -0.2585 -0.1534
S-45	3000 Marken für jeden Mitgliedstaat der Gemeinschaft .
T-45	3000 adhesive stamps for each Member State of the Community ;
H-45	-0.5329344272613525	3000 trademarks for each Member State of the Community .
D-45	-0.5329344272613525	3000 trademarks for each Member State of the Community .
P-45	-0.9895 -2.1710 -0.0477 -0.4499 -0.3308 -0.9740 -0.1529 -0.3809 -0.1515 -0.2532 -0.3421 -0.1518
S-48	Für Beförderungen nach diesem Abkommen gilt :
T-48	In the case of transport operations in accordance with this Agreement :
H-48	-0.5394476652145386	For carriage under this Agreement :
D-48	-0.5394476652145386	For carriage under this Agreement :
P-48	-1.2598 -0.8970 -0.1480 -0.3479 -0.5000 -0.5972 -0.0863 -0.8678 -0.1509
S-92	a ) vertragliche Grundlage der Ersuchen ;
T-92	( a ) whether the requests were made pursuant to a treaty ;
H-92	-0.46138596534729004	( a ) the contractual basis of the requests ;
D-92	-0.46138596534729004	( a ) the contractual basis of the requests ;
P-92	-1.3069 -0.1219 -0.1441 -1.3836 -0.2255 -0.1010 -0.0923 -0.1882 -1.0032 -0.8114 -0.2402 -0.2302 -0.1496
S-77	( 1 ) Jede ausführende Vertragspartei
T-77	( 1 ) Jede ausführende Vertragspartei Each exporting Party shall :
H-77	-0.5662024617195129	( 1 ) Each implementing Contracting Party
D-77	-0.5662024617195129	( 1 ) Each implementing Contracting Party
P-77	-0.2949 -0.1486 -0.1426 -0.4649 -3.2351 -0.1511 -1.2461 -0.0440 -0.1212 -0.1091 -0.2707
S-53	nachstehend <unk> Aufnahmepartei <unk> genannt ,
T-53	hereinafter referred to as the <<unk>> Host Party <<unk>> ,
H-53	-0.8031454682350159	<unk> &apos;s DAVID LLOYD reflects on the day &apos;s action
D-53	-0.8031454682350159	<unk> &apos;s DAVID LLOYD reflects on the day &apos;s action
P-53	-1.4377 -1.5740 -3.3744 -0.0327 -0.0017 -0.0856 -0.0101 -0.0198 -0.0039 -0.1321 -0.1918 -1.4187 -2.5431 -0.6058 -0.4022 -1.0167
S-61	( 2 ) Der Gemeinsame Ausschuss soll insbesondere
T-61	( 2 ) Der Gemeinsame Ausschuss soll insbesondere The Joint Committee shall in particular :
H-61	-0.4318389296531677	( 2 ) The Joint Committee shall in particular :
D-61	-0.4318389296531677	( 2 ) The Joint Committee shall in particular :
P-61	-1.2203 -0.1280 -0.1424 -0.4838 -0.1138 -0.2264 -0.2898 -1.7567 -0.0848 -0.1561 -0.1483
S-115	( 6 ) Die Wettbewerbsbehörde der Europäischen Gemeinschaft
T-115	( 6 ) Die Wettbewerbsbehörde der Europäischen Gemeinschaft The competition authority of the European Community ,
H-115	-0.37561559677124023	( 6 ) The Competition Authority of the European Community
D-115	-0.37561559677124023	( 6 ) The Competition Authority of the European Community
P-115	-0.8219 -0.1581 -0.1449 -0.2102 -1.4357 -0.0817 -0.1493 -0.2477 -0.1592 -0.1984 -0.3928 -0.5075
S-15	Rechtsverhältnisse zwischen Absender und Empfänger oder Dritten
T-15	Relations of consignor and consignee or mutual relations of third parties
H-15	-0.4509131908416748	Legal relations between sender and recipient or third parties
D-15	-0.4509131908416748	Legal relations between sender and recipient or third parties
P-15	-0.4383 -0.1249 -1.4237 -0.1704 -0.3496 -0.1679 -1.1311 -0.1062 -0.2951 -0.2270 -0.8008 -0.1760
S-0	Dieses Abkommen tritt mit Unterzeichnung in Kraft .
T-0	This Agreement shall enter into force upon signature .
H-0	-0.32567623257637024	This Agreement shall enter into force upon signature .
D-0	-0.32567623257637024	This Agreement shall enter into force upon signature .
P-0	-0.7543 -0.5386 -0.0867 -0.6689 -0.1464 -0.1213 -0.1019 -0.6976 -0.1254 -0.1939 -0.1475
S-96	e ) Staatsangehörigkeit des Opfers ;
T-96	( e ) the nationality of the victim ;
H-96	-0.4054752290248871	e ) the nationality of the victim ;
D-96	-0.4054752290248871	e ) the nationality of the victim ;
P-96	-0.6285 -0.1588 -1.5911 -0.5699 -0.1390 -0.1628 -0.1823 -0.1539 -0.3149 -0.1535
S-103	a ) die Vereinigten Staaten von Amerika ;
T-103	( a ) to the United States of America ;
H-103	-0.26272374391555786	a ) the United States of America ;
D-103	-0.26272374391555786	a ) the United States of America ;
P-103	-0.7554 -0.1535 -0.4420 -0.1441 -0.1052 -0.2837 -0.1320 -0.1990 -0.1497
S-98	a ) die Vereinigten Staaten von Amerika ;
T-98	( a ) to the United States of America ;
H-98	-0.26272374391555786	a ) the United States of America ;
D-98	-0.26272374391555786	a ) the United States of America ;
P-98	-0.7554 -0.1535 -0.4420 -0.1441 -0.1052 -0.2837 -0.1320 -0.1990 -0.1497
S-111	a ) im Fall der Europäischen Gemeinschaft :
T-111	( a ) in the case of the European Community :
H-111	-0.33983004093170166	( a ) in the case of the European Community :
D-111	-0.33983004093170166	( a ) in the case of the European Community :
P-111	-1.3078 -0.1253 -0.1431 -0.9482 -0.2037 -0.2104 -0.1590 -0.1603 -0.2007 -0.1614 -0.3089 -0.1492
S-35	Der Rat tritt mindestens einmal jährlich zusammen .
T-35	The Council shall meet at least once every year .
H-35	-0.2644059956073761	The Council meets at least once a year .
D-35	-0.2644059956073761	The Council meets at least once a year .
P-35	-0.2448 -0.1762 -0.9991 -0.2129 -0.1230 -0.1880 -0.2525 -0.1442 -0.1548 -0.1485
S-130	In dieser Vereinbarung wird Folgendes festgehalten :
T-130	This arrangement shall include the following provisions on :
H-130	-0.954528272151947	The agreement states that :
D-130	-0.954528272151947	The agreement states that :
P-130	-1.0884 -1.3549 -2.1559 -0.8265 -0.1515 -0.1499
S-127	In dieser Vereinbarung wird Folgendes festgehalten :
T-127	This arrangement shall include the following provisions on :
H-127	-0.954528272151947	The agreement states that :
D-127	-0.954528272151947	The agreement states that :
P-127	-1.0884 -1.3549 -2.1559 -0.8265 -0.1515 -0.1499
S-124	In dieser Vereinbarung wird Folgendes festgehalten :
T-124	This arrangement shall include the following provisions on :
H-124	-0.954528272151947	The agreement states that :
D-124	-0.954528272151947	The agreement states that :
P-124	-1.0884 -1.3549 -2.1559 -0.8265 -0.1515 -0.1499
S-108	a ) im Fall der Europäischen Gemeinschaft :
T-108	( a ) in the case of the European Community :
H-108	-0.33983004093170166	( a ) in the case of the European Community :
D-108	-0.33983004093170166	( a ) in the case of the European Community :
P-108	-1.3078 -0.1253 -0.1431 -0.9482 -0.2037 -0.2104 -0.1590 -0.1603 -0.2007 -0.1614 -0.3089 -0.1492
S-117	In dieser Vereinbarung wird Folgendes festgehalten :
T-117	This arrangement shall include the following provisions on :
H-117	-0.954528272151947	The agreement states that :
D-117	-0.954528272151947	The agreement states that :
P-117	-1.0884 -1.3549 -2.1559 -0.8265 -0.1515 -0.1499
S-25	e ) jede Kündigung nach Artikel 54.
T-25	( e ) any denunciation under Article 54 .
H-25	-0.5490297675132751	e ) any denunciation pursuant to Article 54 .
D-25	-0.5490297675132751	e ) any denunciation pursuant to Article 54 .
P-25	-1.0629 -0.1631 -0.6550 -1.2823 -0.0949 -0.0803 -0.1572 -2.1545 -0.1477 -0.1502 -1.0545 -0.0999 -0.4335 -0.1505
S-87	b ) es werden keine Waren transportiert ;
T-87	( b ) no goods are transported on the journey ;
H-87	-0.3377918004989624	b ) no goods are transported ;
D-87	-0.3377918004989624	b ) no goods are transported ;
P-87	-0.3387 -0.1613 -0.6164 -0.3672 -0.7207 -0.2852 -0.1148 -0.2805 -0.1555
S-58	( 1 ) Dieses Übereinkommen gilt für
T-58	( 1 ) Dieses Übereinkommen gilt für This Agreement shall apply :
H-58	-0.3142257630825043	( 1 ) This Convention shall apply to
D-58	-0.3142257630825043	( 1 ) This Convention shall apply to
P-58	-0.3553 -0.1438 -0.1436 -0.4344 -0.0867 -0.4799 -0.1877 -0.2189 -0.7777
S-62	Die Schiedsrichter treffen eine Mehrheitsentscheidung .
T-62	The arbitrators <<unk>> decisions shall be taken by majority vote .
H-62	-0.47269073128700256	The arbitrators make a majority decision .
D-62	-0.47269073128700256	The arbitrators make a majority decision .
P-62	-0.4380 -1.8326 -0.0487 -0.1278 -0.1079 -1.6003 -0.3134 -0.2116 -0.1993 -0.1705 -0.1495
S-97	( 1 ) Dieses Abkommen gilt für :
T-97	( 1 ) Dieses Abkommen gilt für : This Agreement shall apply :
H-97	-0.3636106550693512	1 . This Agreement shall apply to :
D-97	-0.3636106550693512	1 . This Agreement shall apply to :
P-97	-1.0542 -0.1518 -0.3869 -0.5125 -0.0792 -0.5740 -0.2648 -0.2199 -0.2424 -0.1505
S-102	( 1 ) Dieses Abkommen gilt für :
T-102	( 1 ) Dieses Abkommen gilt für : This Agreement shall apply :
H-102	-0.3636106550693512	1 . This Agreement shall apply to :
D-102	-0.3636106550693512	1 . This Agreement shall apply to :
P-102	-1.0542 -0.1518 -0.3869 -0.5125 -0.0792 -0.5740 -0.2648 -0.2199 -0.2424 -0.1505
S-107	i ) zumindest eines der beteiligten Unternehmen oder
T-107	( i ) one or more of the parties to the transaction ; or
H-107	-0.38558945059776306	( i ) at least one of the undertakings involved ; or
D-107	-0.38558945059776306	( i ) at least one of the undertakings involved ; or
P-107	-0.7852 -0.1468 -0.1432 -0.2116 -0.1053 -0.1398 -0.1979 -0.1628 -1.1837 -0.0332 -0.0415 -1.0706 -1.1033 -0.3082 -0.1506
S-34	3. Die Ziele der Gruppe bestehen darin ,
T-34	3. Die Ziele der Gruppe bestehen darin , The objectives of the Group shall be to :
H-34	-0.42409902811050415	3 . The objectives of the Group are to :
D-34	-0.42409902811050415	3 . The objectives of the Group are to :
P-34	-0.3519 -0.1804 -0.2455 -1.0084 -0.1035 -0.1594 -0.1855 -0.5634 -0.6298 -1.2265 -0.2871 -0.1477
S-33	2. Für die Zwecke dieser Satzung
T-33	2. Für die Zwecke dieser Satzung For the purpose of these Terms of Reference :
H-33	-0.5249730348587036	2 . For the purposes of these bylaws
D-33	-0.5249730348587036	2 . For the purposes of these bylaws
P-33	-0.1963 -0.1480 -0.1923 -0.3215 -0.5547 -0.1565 -0.8433 -2.5188 -0.0694 -0.2489
S-121	In dieser Vereinbarung wird Folgendes festgehalten :
T-121	This arrangement shall include the following provisions on :
H-121	-0.954528272151947	The agreement states that :
D-121	-0.954528272151947	The agreement states that :
P-121	-1.0884 -1.3549 -2.1559 -0.8265 -0.1515 -0.1499
S-88	a ) ein Frachtbrief oder
T-88	( a ) a bill of lading ; or
H-88	-0.39432641863822937	a ) a waybill , or
D-88	-0.39432641863822937	a ) a waybill , or
P-88	-0.4309 -0.1441 -0.2806 -0.6509 -0.0768 -0.0246 -1.6073 -0.1718 -0.1620
S-113	b ) im Fall Japans :
T-113	( b ) in the case of Japan :
H-113	-0.34770748019218445	b ) in the case of Japan :
D-113	-0.34770748019218445	b ) in the case of Japan :
P-113	-1.0082 -0.1796 -0.6999 -0.4031 -0.1379 -0.1602 -0.0918 -0.2976 -0.1509
S-89	Im Namen des Rates der Europäischen Union
T-89	On behalf of the Council of the European Union
H-89	-0.2818114459514618	On behalf of the Council of the European Union
D-89	-0.2818114459514618	On behalf of the Council of the European Union
P-89	-0.2170 -0.0872 -0.1491 -0.1482 -0.1521 -0.1669 -0.1594 -0.1526 -0.1335 -1.4521
S-95	d ) Schwere der Straftaten ;
T-95	( d ) the seriousness of the offences ;
H-95	-0.5045197606086731	d ) the gravity of the offences ;
D-95	-0.5045197606086731	d ) the gravity of the offences ;
P-95	-1.0698 -0.1542 -1.3532 -0.8521 -0.1206 -0.1600 -0.4263 -0.4649 -0.2914 -0.1528
S-106	d ) <unk> Wettbewerbsrecht <unk> :
T-106	( d ) the term <<unk>> competition laws <<unk>> means :
H-106	-0.7005425691604614	d ) Competition law :
D-106	-0.7005425691604614	d ) Competition law :
P-106	-0.1567 -0.1402 -2.6877 -0.0668 -0.9282 -0.7719 -0.1522
S-38	Das Personal ist dem Generalsekretär verantwortlich .
T-38	The staff shall be responsible to the Secretary-General .
H-38	-0.547173261642456	Staff are accountable to the Secretary @-@ General .
D-38	-0.547173261642456	Staff are accountable to the Secretary @-@ General .
P-38	-1.9447 -0.7939 -0.9267 -0.0756 -0.1651 -0.1823 -0.4321 -1.0891 -0.0911 -0.1692 -0.1490
S-110	b ) im Fall Japans :
T-110	( b ) in the case of Japan :
H-110	-0.34770748019218445	b ) in the case of Japan :
D-110	-0.34770748019218445	b ) in the case of Japan :
P-110	-1.0082 -0.1796 -0.6999 -0.4031 -0.1379 -0.1602 -0.0918 -0.2976 -0.1509
S-52	( UNRWA )
T-52	Für das Hilfswerk der Vereinten Nationen für Palästina-Flüchtlinge ( UNRWA )
H-52	-0.20282739400863647	( UNRWA )
D-52	-0.20282739400863647	( UNRWA )
P-52	-0.4717 -0.0961 -0.1558 -0.0642 -0.1487 -0.2805
S-27	andererseits ,
T-27	<<unk>> Host Party <<unk>> , on the other hand ,
H-27	-2.3277623653411865	on the other ,
D-27	-2.3277623653411865	on the other ,
P-27	-8.3784 -0.2305 -0.1943 -2.6637 -0.1720
S-23	LUFTBEFÖRDERUNG DURCH EINEN ANDEREN ALS DEN VERTRAGLICHEN LUFTFRACHTFÜHRER
T-23	Carriage by air performed by a person other than the contracting carrier
H-23	-0.6863621473312378	AVIATION PROVIDENCE BY ANY OTHER THAN THE CONTRACT AVIATOR GUIDE
D-23	-0.6863621473312378	AVIATION PROVIDENCE BY ANY OTHER THAN THE CONTRACT AVIATOR GUIDE
P-23	-1.5503 -0.3021 -0.0745 -0.0745 -1.5476 -0.1085 -1.0910 -0.5455 -0.5837 -0.2148 -0.4282 -0.0358 -0.6004 -1.3321 -1.5806 -0.1256 -0.0587 -1.6159 -0.5610 -0.4858 -2.0397 -0.4990 -0.2593 -1.0026 -0.0958 -0.0627 -2.3502 -0.0291 -1.8525 -0.2681 -0.0092 -1.0497 -0.2154
S-17	HAFTUNG DES LUFTFRACHTFÜHRERS UND UMFANG DES SCHADENERSATZES<unk> 4 )
T-17	Liability of the carrier and extent of compensation for damage
H-17	-0.6630757451057434	LIABILITY OF THE AVIATOR AND THE REPLACEMENT OF DAMAGE ( 4 )
D-17	-0.6630757451057434	LIABILITY OF THE AVIATOR AND THE REPLACEMENT OF DAMAGE ( 4 )
P-17	-1.4616 -0.2220 -0.0164 -0.0384 -0.1082 -0.2811 -0.1017 -1.6731 -2.5476 -0.9423 -0.1502 -2.3709 -0.0343 -0.4282 -1.7495 -2.4124 -1.6812 -0.2008 -0.0838 -0.0529 -0.1535 -0.3214 -0.0709 -0.4688 -0.1189 -0.0150 -0.7226 -1.5426 -0.1859 -0.1490 -0.2501
S-7	b ) Schadstoffpfade und -verzeichnisse in repräsentativen Ökosystemen ;
T-7	( b ) pollutant pathways and inventories in representative ecosystems
H-7	-0.26011624932289124	( b ) Pollutant Paths and Inventories in Representative Ecosystems ;
D-7	-0.26011624932289124	( b ) Pollutant Paths and Inventories in Representative Ecosystems ;
P-7	-0.6631 -0.1400 -0.1426 -0.7695 -0.0800 -0.2553 -1.2611 -0.3588 -0.1717 -0.0339 -0.0558 -0.1714 -0.2748 -0.2137 -0.1034 -0.1349 -0.0793 -0.0633 -0.0631 -0.2741 -0.1526
S-57	über die Personenbeförderung im grenzüberschreitenden Gelegenheitsverkehr mit Omnibussen
T-57	on the international occasional carriage of passengers by coach and bus
H-57	-0.48873370885849	on the occasional international carriage of passengers by bus and coach
D-57	-0.48873370885849	on the occasional international carriage of passengers by bus and coach
P-57	-1.3430 -0.7309 -0.8779 -0.1343 -0.3061 -1.0711 -0.0348 -0.1852 -0.2936 -0.3939 -0.4663 -0.5810 -0.1707 -0.2537
S-21	Haftungshöchstbeträge bei Verspätung sowie für Reisegepäck und Güter
T-21	Limits of liability in relation to delay , baggage and cargo
H-21	-0.7078263759613037	Maximum liability for delays as well as baggage and goods
D-21	-0.7078263759613037	Maximum liability for delays as well as baggage and goods
P-21	-1.6254 -0.1467 -0.3515 -0.1811 -1.4949 -1.0793 -1.9111 -0.1615 -0.1435 -2.0227 -0.0458 -0.2051 -0.2878 -0.2530
2021-01-31 14:00:51 | INFO | fairseq_cli.generate | NOTE: hypothesis and token scores are output in base 2
2021-01-31 14:00:51 | INFO | fairseq_cli.generate | Translated 133 sentences (1629 tokens) in 1.1s (125.63 sentences/s, 1538.76 tokens/s)
Generate test with beam=5: BLEU = 32.63 66.1/47.1/33.9/25.9 (BP = 0.802 ratio = 0.819 hyp_len = 1321 ref_len = 1612)
